This file contains any messages produced by compilers while
running configure, to aid debugging if configure makes a mistake.

It was created by test configure 1.0, which was
generated by GNU Autoconf 2.69.  Invocation command line was

  $ ./configure 

## --------- ##
## Platform. ##
## --------- ##

hostname = spencer-thinkpad
uname -m = x86_64
uname -r = 4.17.19-1-MANJARO
uname -s = Linux
uname -v = #1 SMP PREEMPT Fri Aug 24 17:46:14 UTC 2018

/usr/bin/uname -p = unknown
/bin/uname -X     = unknown

/bin/arch              = unknown
/usr/bin/arch -k       = unknown
/usr/convex/getsysinfo = unknown
/usr/bin/hostinfo      = unknown
/bin/machine           = unknown
/usr/bin/oslevel       = unknown
/bin/universe          = unknown

PATH: /usr/local/bin
PATH: /usr/local/sbin
PATH: /usr/bin
PATH: /usr/lib/jvm/default/bin
PATH: /usr/bin/site_perl
PATH: /usr/bin/vendor_perl
PATH: /usr/bin/core_perl


## ----------- ##
## Core tests. ##
## ----------- ##

configure:2247: checking for a BSD-compatible install
configure:2315: result: /usr/bin/install -c
configure:2326: checking whether build environment is sane
configure:2381: result: yes
configure:2532: checking for a thread-safe mkdir -p
configure:2571: result: /usr/bin/mkdir -p
configure:2578: checking for gawk
configure:2594: found /usr/bin/gawk
configure:2605: result: gawk
configure:2616: checking whether make sets $(MAKE)
configure:2638: result: yes
configure:2667: checking whether make supports nested variables
configure:2684: result: yes
configure:2864: checking for gcc
configure:2880: found /usr/bin/gcc
configure:2891: result: gcc
configure:3120: checking for C compiler version
configure:3129: gcc --version >&5
gcc (GCC) 8.2.0
Copyright (C) 2018 Free Software Foundation, Inc.
This is free software; see the source for copying conditions.  There is NO
warranty; not even for MERCHANTABILITY or FITNESS FOR A PARTICULAR PURPOSE.

configure:3140: $? = 0
configure:3129: gcc -v >&5
Using built-in specs.
COLLECT_GCC=gcc
COLLECT_LTO_WRAPPER=/usr/lib/gcc/x86_64-pc-linux-gnu/8.2.0/lto-wrapper
Target: x86_64-pc-linux-gnu
Configured with: /build/gcc/src/gcc/configure --prefix=/usr --libdir=/usr/lib --libexecdir=/usr/lib --mandir=/usr/share/man --infodir=/usr/share/info --with-bugurl=https://bugs.archlinux.org/ --enable-languages=c,c++,ada,fortran,go,lto,objc,obj-c++ --enable-shared --enable-threads=posix --enable-libmpx --with-system-zlib --with-isl --enable-__cxa_atexit --disable-libunwind-exceptions --enable-clocale=gnu --disable-libstdcxx-pch --disable-libssp --enable-gnu-unique-object --enable-linker-build-id --enable-lto --enable-plugin --enable-install-libiberty --with-linker-hash-style=gnu --enable-gnu-indirect-function --enable-multilib --disable-werror --enable-checking=release --enable-default-pie --enable-default-ssp --enable-cet=auto
Thread model: posix
gcc version 8.2.0 (GCC) 
configure:3140: $? = 0
configure:3129: gcc -V >&5
gcc: error: unrecognized command line option '-V'
gcc: fatal error: no input files
compilation terminated.
configure:3140: $? = 1
configure:3129: gcc -qversion >&5
gcc: error: unrecognized command line option '-qversion'; did you mean '--version'?
gcc: fatal error: no input files
compilation terminated.
configure:3140: $? = 1
configure:3160: checking whether the C compiler works
configure:3182: gcc    conftest.c  >&5
configure:3186: $? = 0
configure:3234: result: yes
configure:3237: checking for C compiler default output file name
configure:3239: result: a.out
configure:3245: checking for suffix of executables
configure:3252: gcc -o conftest    conftest.c  >&5
configure:3256: $? = 0
configure:3278: result: 
configure:3300: checking whether we are cross compiling
configure:3308: gcc -o conftest    conftest.c  >&5
configure:3312: $? = 0
configure:3319: ./conftest
configure:3323: $? = 0
configure:3338: result: no
configure:3343: checking for suffix of object files
configure:3365: gcc -c   conftest.c >&5
configure:3369: $? = 0
configure:3390: result: o
configure:3394: checking whether we are using the GNU C compiler
configure:3413: gcc -c   conftest.c >&5
configure:3413: $? = 0
configure:3422: result: yes
configure:3431: checking whether gcc accepts -g
configure:3451: gcc -c -g  conftest.c >&5
configure:3451: $? = 0
configure:3492: result: yes
configure:3509: checking for gcc option to accept ISO C89
configure:3572: gcc  -c -g -O2  conftest.c >&5
configure:3572: $? = 0
configure:3585: result: none needed
configure:3610: checking whether gcc understands -c and -o together
configure:3632: gcc -c conftest.c -o conftest2.o
configure:3635: $? = 0
configure:3632: gcc -c conftest.c -o conftest2.o
configure:3635: $? = 0
configure:3647: result: yes
configure:3675: checking for style of include used by make
configure:3703: result: GNU
configure:3729: checking dependency style of gcc
configure:3840: result: gcc3
configure:3865: checking how to run the C preprocessor
configure:3896: gcc -E  conftest.c
configure:3896: $? = 0
configure:3910: gcc -E  conftest.c
conftest.c:11:10: fatal error: ac_nonexistent.h: No such file or directory
 #include <ac_nonexistent.h>
          ^~~~~~~~~~~~~~~~~~
compilation terminated.
configure:3910: $? = 1
configure: failed program was:
| /* confdefs.h */
| #define PACKAGE_NAME "test"
| #define PACKAGE_TARNAME "test"
| #define PACKAGE_VERSION "1.0"
| #define PACKAGE_STRING "test 1.0"
| #define PACKAGE_BUGREPORT "ff@126.com"
| #define PACKAGE_URL ""
| #define PACKAGE "test"
| #define VERSION "1.0"
| /* end confdefs.h.  */
| #include <ac_nonexistent.h>
configure:3935: result: gcc -E
configure:3955: gcc -E  conftest.c
configure:3955: $? = 0
configure:3969: gcc -E  conftest.c
conftest.c:11:10: fatal error: ac_nonexistent.h: No such file or directory
 #include <ac_nonexistent.h>
          ^~~~~~~~~~~~~~~~~~
compilation terminated.
configure:3969: $? = 1
configure: failed program was:
| /* confdefs.h */
| #define PACKAGE_NAME "test"
| #define PACKAGE_TARNAME "test"
| #define PACKAGE_VERSION "1.0"
| #define PACKAGE_STRING "test 1.0"
| #define PACKAGE_BUGREPORT "ff@126.com"
| #define PACKAGE_URL ""
| #define PACKAGE "test"
| #define VERSION "1.0"
| /* end confdefs.h.  */
| #include <ac_nonexistent.h>
configure:3998: checking for grep that handles long lines and -e
configure:4056: result: /usr/bin/grep
configure:4061: checking for egrep
configure:4123: result: /usr/bin/grep -E
configure:4128: checking for ANSI C header files
configure:4148: gcc -c -g -O2  conftest.c >&5
configure:4148: $? = 0
configure:4221: gcc -o conftest -g -O2   conftest.c  >&5
configure:4221: $? = 0
configure:4221: ./conftest
configure:4221: $? = 0
configure:4232: result: yes
configure:4245: checking for sys/types.h
configure:4245: gcc -c -g -O2  conftest.c >&5
configure:4245: $? = 0
configure:4245: result: yes
configure:4245: checking for sys/stat.h
configure:4245: gcc -c -g -O2  conftest.c >&5
configure:4245: $? = 0
configure:4245: result: yes
configure:4245: checking for stdlib.h
configure:4245: gcc -c -g -O2  conftest.c >&5
configure:4245: $? = 0
configure:4245: result: yes
configure:4245: checking for string.h
configure:4245: gcc -c -g -O2  conftest.c >&5
configure:4245: $? = 0
configure:4245: result: yes
configure:4245: checking for memory.h
configure:4245: gcc -c -g -O2  conftest.c >&5
configure:4245: $? = 0
configure:4245: result: yes
configure:4245: checking for strings.h
configure:4245: gcc -c -g -O2  conftest.c >&5
configure:4245: $? = 0
configure:4245: result: yes
configure:4245: checking for inttypes.h
configure:4245: gcc -c -g -O2  conftest.c >&5
configure:4245: $? = 0
configure:4245: result: yes
configure:4245: checking for stdint.h
configure:4245: gcc -c -g -O2  conftest.c >&5
configure:4245: $? = 0
configure:4245: result: yes
configure:4245: checking for unistd.h
configure:4245: gcc -c -g -O2  conftest.c >&5
configure:4245: $? = 0
configure:4245: result: yes
configure:4260: checking arpa/inet.h usability
configure:4260: gcc -c -g -O2  conftest.c >&5
configure:4260: $? = 0
configure:4260: result: yes
configure:4260: checking arpa/inet.h presence
configure:4260: gcc -E  conftest.c
configure:4260: $? = 0
configure:4260: result: yes
configure:4260: checking for arpa/inet.h
configure:4260: result: yes
configure:4260: checking locale.h usability
configure:4260: gcc -c -g -O2  conftest.c >&5
configure:4260: $? = 0
configure:4260: result: yes
configure:4260: checking locale.h presence
configure:4260: gcc -E  conftest.c
configure:4260: $? = 0
configure:4260: result: yes
configure:4260: checking for locale.h
configure:4260: result: yes
configure:4260: checking malloc.h usability
configure:4260: gcc -c -g -O2  conftest.c >&5
configure:4260: $? = 0
configure:4260: result: yes
configure:4260: checking malloc.h presence
configure:4260: gcc -E  conftest.c
configure:4260: $? = 0
configure:4260: result: yes
configure:4260: checking for malloc.h
configure:4260: result: yes
configure:4260: checking netdb.h usability
configure:4260: gcc -c -g -O2  conftest.c >&5
configure:4260: $? = 0
configure:4260: result: yes
configure:4260: checking netdb.h presence
configure:4260: gcc -E  conftest.c
configure:4260: $? = 0
configure:4260: result: yes
configure:4260: checking for netdb.h
configure:4260: result: yes
configure:4260: checking netinet/in.h usability
configure:4260: gcc -c -g -O2  conftest.c >&5
configure:4260: $? = 0
configure:4260: result: yes
configure:4260: checking netinet/in.h presence
configure:4260: gcc -E  conftest.c
configure:4260: $? = 0
configure:4260: result: yes
configure:4260: checking for netinet/in.h
configure:4260: result: yes
configure:4260: checking for stdlib.h
configure:4260: result: yes
configure:4260: checking for string.h
configure:4260: result: yes
configure:4260: checking sys/socket.h usability
configure:4260: gcc -c -g -O2  conftest.c >&5
configure:4260: $? = 0
configure:4260: result: yes
configure:4260: checking sys/socket.h presence
configure:4260: gcc -E  conftest.c
configure:4260: $? = 0
configure:4260: result: yes
configure:4260: checking for sys/socket.h
configure:4260: result: yes
configure:4260: checking sys/time.h usability
configure:4260: gcc -c -g -O2  conftest.c >&5
configure:4260: $? = 0
configure:4260: result: yes
configure:4260: checking sys/time.h presence
configure:4260: gcc -E  conftest.c
configure:4260: $? = 0
configure:4260: result: yes
configure:4260: checking for sys/time.h
configure:4260: result: yes
configure:4260: checking for unistd.h
configure:4260: result: yes
configure:4272: checking for size_t
configure:4272: gcc -c -g -O2  conftest.c >&5
configure:4272: $? = 0
configure:4272: gcc -c -g -O2  conftest.c >&5
conftest.c: In function 'main':
conftest.c:67:21: error: expected expression before ')' token
 if (sizeof ((size_t)))
                     ^
configure:4272: $? = 1
configure: failed program was:
| /* confdefs.h */
| #define PACKAGE_NAME "test"
| #define PACKAGE_TARNAME "test"
| #define PACKAGE_VERSION "1.0"
| #define PACKAGE_STRING "test 1.0"
| #define PACKAGE_BUGREPORT "ff@126.com"
| #define PACKAGE_URL ""
| #define PACKAGE "test"
| #define VERSION "1.0"
| #define STDC_HEADERS 1
| #define HAVE_SYS_TYPES_H 1
| #define HAVE_SYS_STAT_H 1
| #define HAVE_STDLIB_H 1
| #define HAVE_STRING_H 1
| #define HAVE_MEMORY_H 1
| #define HAVE_STRINGS_H 1
| #define HAVE_INTTYPES_H 1
| #define HAVE_STDINT_H 1
| #define HAVE_UNISTD_H 1
| #define HAVE_ARPA_INET_H 1
| #define HAVE_LOCALE_H 1
| #define HAVE_MALLOC_H 1
| #define HAVE_NETDB_H 1
| #define HAVE_NETINET_IN_H 1
| #define HAVE_STDLIB_H 1
| #define HAVE_STRING_H 1
| #define HAVE_SYS_SOCKET_H 1
| #define HAVE_SYS_TIME_H 1
| #define HAVE_UNISTD_H 1
| /* end confdefs.h.  */
| #include <stdio.h>
| #ifdef HAVE_SYS_TYPES_H
| # include <sys/types.h>
| #endif
| #ifdef HAVE_SYS_STAT_H
| # include <sys/stat.h>
| #endif
| #ifdef STDC_HEADERS
| # include <stdlib.h>
| # include <stddef.h>
| #else
| # ifdef HAVE_STDLIB_H
| #  include <stdlib.h>
| # endif
| #endif
| #ifdef HAVE_STRING_H
| # if !defined STDC_HEADERS && defined HAVE_MEMORY_H
| #  include <memory.h>
| # endif
| # include <string.h>
| #endif
| #ifdef HAVE_STRINGS_H
| # include <strings.h>
| #endif
| #ifdef HAVE_INTTYPES_H
| # include <inttypes.h>
| #endif
| #ifdef HAVE_STDINT_H
| # include <stdint.h>
| #endif
| #ifdef HAVE_UNISTD_H
| # include <unistd.h>
| #endif
| int
| main ()
| {
| if (sizeof ((size_t)))
| 	    return 0;
|   ;
|   return 0;
| }
configure:4272: result: yes
configure:4287: checking for stdlib.h
configure:4287: result: yes
configure:4297: checking for GNU libc compatible malloc
configure:4321: gcc -o conftest -g -O2   conftest.c  >&5
configure:4321: $? = 0
configure:4321: ./conftest
configure:4321: $? = 0
configure:4331: result: yes
configure:4352: checking whether time.h and sys/time.h may both be included
configure:4372: gcc -c -g -O2  conftest.c >&5
configure:4372: $? = 0
configure:4379: result: yes
configure:4393: checking for sys/time.h
configure:4393: result: yes
configure:4393: checking for unistd.h
configure:4393: result: yes
configure:4414: checking for alarm
configure:4414: gcc -o conftest -g -O2   conftest.c  >&5
configure:4414: $? = 0
configure:4414: result: yes
configure:4427: checking for working mktime
configure:4629: gcc -o conftest -g -O2   conftest.c  >&5
configure:4629: $? = 0
configure:4629: ./conftest
configure:4629: $? = 0
configure:4639: result: yes
configure:4650: checking for working strtod
configure:4691: gcc -o conftest -g -O2   conftest.c  >&5
configure:4691: $? = 0
configure:4691: ./conftest
configure:4691: $? = 0
configure:4701: result: yes
configure:4766: checking for bzero
configure:4766: gcc -o conftest -g -O2   conftest.c  >&5
conftest.c:60:6: warning: conflicting types for built-in function 'bzero' [-Wbuiltin-declaration-mismatch]
 char bzero ();
      ^~~~~
configure:4766: $? = 0
configure:4766: result: yes
configure:4766: checking for getcwd
configure:4766: gcc -o conftest -g -O2   conftest.c  >&5
configure:4766: $? = 0
configure:4766: result: yes
configure:4766: checking for gettimeofday
configure:4766: gcc -o conftest -g -O2   conftest.c  >&5
configure:4766: $? = 0
configure:4766: result: yes
configure:4766: checking for inet_ntoa
configure:4766: gcc -o conftest -g -O2   conftest.c  >&5
configure:4766: $? = 0
configure:4766: result: yes
configure:4766: checking for memchr
configure:4766: gcc -o conftest -g -O2   conftest.c  >&5
conftest.c:64:6: warning: conflicting types for built-in function 'memchr' [-Wbuiltin-declaration-mismatch]
 char memchr ();
      ^~~~~~
configure:4766: $? = 0
configure:4766: result: yes
configure:4766: checking for memset
configure:4766: gcc -o conftest -g -O2   conftest.c  >&5
conftest.c:65:6: warning: conflicting types for built-in function 'memset' [-Wbuiltin-declaration-mismatch]
 char memset ();
      ^~~~~~
configure:4766: $? = 0
configure:4766: result: yes
configure:4766: checking for mkdir
configure:4766: gcc -o conftest -g -O2   conftest.c  >&5
configure:4766: $? = 0
configure:4766: result: yes
configure:4766: checking for setlocale
configure:4766: gcc -o conftest -g -O2   conftest.c  >&5
configure:4766: $? = 0
configure:4766: result: yes
configure:4766: checking for strdup
configure:4766: gcc -o conftest -g -O2   conftest.c  >&5
conftest.c:68:6: warning: conflicting types for built-in function 'strdup' [-Wbuiltin-declaration-mismatch]
 char strdup ();
      ^~~~~~
configure:4766: $? = 0
configure:4766: result: yes
configure:4766: checking for strstr
configure:4766: gcc -o conftest -g -O2   conftest.c  >&5
conftest.c:69:6: warning: conflicting types for built-in function 'strstr' [-Wbuiltin-declaration-mismatch]
 char strstr ();
      ^~~~~~
configure:4766: $? = 0
configure:4766: result: yes
configure:4766: checking for strtol
configure:4766: gcc -o conftest -g -O2   conftest.c  >&5
configure:4766: $? = 0
configure:4766: result: yes
configure:4887: checking that generated files are newer than configure
configure:4893: result: done
configure:4916: creating ./config.status

## ---------------------- ##
## Running config.status. ##
## ---------------------- ##

This file was extended by test config.status 1.0, which was
generated by GNU Autoconf 2.69.  Invocation command line was

  CONFIG_FILES    = 
  CONFIG_HEADERS  = 
  CONFIG_LINKS    = 
  CONFIG_COMMANDS = 
  $ ./config.status 

on spencer-thinkpad

config.status:880: creating Makefile
config.status:880: creating config.h
config.status:1109: executing depfiles commands

## ---------------- ##
## Cache variables. ##
## ---------------- ##

ac_cv_c_compiler_gnu=yes
ac_cv_env_CC_set=
ac_cv_env_CC_value=
ac_cv_env_CFLAGS_set=
ac_cv_env_CFLAGS_value=
ac_cv_env_CPPFLAGS_set=
ac_cv_env_CPPFLAGS_value=
ac_cv_env_CPP_set=
ac_cv_env_CPP_value=
ac_cv_env_LDFLAGS_set=
ac_cv_env_LDFLAGS_value=
ac_cv_env_LIBS_set=
ac_cv_env_LIBS_value=
ac_cv_env_build_alias_set=
ac_cv_env_build_alias_value=
ac_cv_env_host_alias_set=
ac_cv_env_host_alias_value=
ac_cv_env_target_alias_set=
ac_cv_env_target_alias_value=
ac_cv_func_alarm=yes
ac_cv_func_bzero=yes
ac_cv_func_getcwd=yes
ac_cv_func_gettimeofday=yes
ac_cv_func_inet_ntoa=yes
ac_cv_func_malloc_0_nonnull=yes
ac_cv_func_memchr=yes
ac_cv_func_memset=yes
ac_cv_func_mkdir=yes
ac_cv_func_setlocale=yes
ac_cv_func_strdup=yes
ac_cv_func_strstr=yes
ac_cv_func_strtod=yes
ac_cv_func_strtol=yes
ac_cv_func_working_mktime=yes
ac_cv_header_arpa_inet_h=yes
ac_cv_header_inttypes_h=yes
ac_cv_header_locale_h=yes
ac_cv_header_malloc_h=yes
ac_cv_header_memory_h=yes
ac_cv_header_netdb_h=yes
ac_cv_header_netinet_in_h=yes
ac_cv_header_stdc=yes
ac_cv_header_stdint_h=yes
ac_cv_header_stdlib_h=yes
ac_cv_header_string_h=yes
ac_cv_header_strings_h=yes
ac_cv_header_sys_socket_h=yes
ac_cv_header_sys_stat_h=yes
ac_cv_header_sys_time_h=yes
ac_cv_header_sys_types_h=yes
ac_cv_header_time=yes
ac_cv_header_unistd_h=yes
ac_cv_objext=o
ac_cv_path_EGREP='/usr/bin/grep -E'
ac_cv_path_GREP=/usr/bin/grep
ac_cv_path_install='/usr/bin/install -c'
ac_cv_path_mkdir=/usr/bin/mkdir
ac_cv_prog_AWK=gawk
ac_cv_prog_CPP='gcc -E'
ac_cv_prog_ac_ct_CC=gcc
ac_cv_prog_cc_c89=
ac_cv_prog_cc_g=yes
ac_cv_prog_make_make_set=yes
ac_cv_type_size_t=yes
am_cv_CC_dependencies_compiler_type=gcc3
am_cv_make_support_nested_variables=yes
am_cv_prog_cc_c_o=yes

## ----------------- ##
## Output variables. ##
## ----------------- ##

ACLOCAL='${SHELL} /home/spencer/Documents/Mushroom/test/missing aclocal-1.15'
AMDEPBACKSLASH='\'
AMDEP_FALSE='#'
AMDEP_TRUE=''
AMTAR='$${TAR-tar}'
AM_BACKSLASH='\'
AM_DEFAULT_V='$(AM_DEFAULT_VERBOSITY)'
AM_DEFAULT_VERBOSITY='1'
AM_V='$(V)'
AUTOCONF='${SHELL} /home/spencer/Documents/Mushroom/test/missing autoconf'
AUTOHEADER='${SHELL} /home/spencer/Documents/Mushroom/test/missing autoheader'
AUTOMAKE='${SHELL} /home/spencer/Documents/Mushroom/test/missing automake-1.15'
AWK='gawk'
CC='gcc'
CCDEPMODE='depmode=gcc3'
CFLAGS='-g -O2'
CPP='gcc -E'
CPPFLAGS=''
CYGPATH_W='echo'
DEFS='-DHAVE_CONFIG_H'
DEPDIR='.deps'
ECHO_C=''
ECHO_N='-n'
ECHO_T=''
EGREP='/usr/bin/grep -E'
EXEEXT=''
GREP='/usr/bin/grep'
INSTALL_DATA='${INSTALL} -m 644'
INSTALL_PROGRAM='${INSTALL}'
INSTALL_SCRIPT='${INSTALL}'
INSTALL_STRIP_PROGRAM='$(install_sh) -c -s'
LDFLAGS=''
LIBOBJS=''
LIBS=''
LTLIBOBJS=''
MAKEINFO='${SHELL} /home/spencer/Documents/Mushroom/test/missing makeinfo'
MKDIR_P='/usr/bin/mkdir -p'
OBJEXT='o'
PACKAGE='test'
PACKAGE_BUGREPORT='ff@126.com'
PACKAGE_NAME='test'
PACKAGE_STRING='test 1.0'
PACKAGE_TARNAME='test'
PACKAGE_URL=''
PACKAGE_VERSION='1.0'
PATH_SEPARATOR=':'
POW_LIB=''
SET_MAKE=''
SHELL='/bin/sh'
STRIP=''
VERSION='1.0'
ac_ct_CC='gcc'
am__EXEEXT_FALSE=''
am__EXEEXT_TRUE='#'
am__fastdepCC_FALSE='#'
am__fastdepCC_TRUE=''
am__include='include'
am__isrc=''
am__leading_dot='.'
am__nodep='_no'
am__quote=''
am__tar='$${TAR-tar} chof - "$$tardir"'
am__untar='$${TAR-tar} xf -'
bindir='${exec_prefix}/bin'
build_alias=''
datadir='${datarootdir}'
datarootdir='${prefix}/share'
docdir='${datarootdir}/doc/${PACKAGE_TARNAME}'
dvidir='${docdir}'
exec_prefix='${prefix}'
host_alias=''
htmldir='${docdir}'
includedir='${prefix}/include'
infodir='${datarootdir}/info'
install_sh='${SHELL} /home/spencer/Documents/Mushroom/test/install-sh'
libdir='${exec_prefix}/lib'
libexecdir='${exec_prefix}/libexec'
localedir='${datarootdir}/locale'
localstatedir='${prefix}/var'
mandir='${datarootdir}/man'
mkdir_p='$(MKDIR_P)'
oldincludedir='/usr/include'
pdfdir='${docdir}'
prefix='/usr/local'
program_transform_name='s,x,x,'
psdir='${docdir}'
sbindir='${exec_prefix}/sbin'
sharedstatedir='${prefix}/com'
sysconfdir='${prefix}/etc'
target_alias=''

## ----------- ##
## confdefs.h. ##
## ----------- ##

/* confdefs.h */
#define PACKAGE_NAME "test"
#define PACKAGE_TARNAME "test"
#define PACKAGE_VERSION "1.0"
#define PACKAGE_STRING "test 1.0"
#define PACKAGE_BUGREPORT "ff@126.com"
#define PACKAGE_URL ""
#define PACKAGE "test"
#define VERSION "1.0"
#define STDC_HEADERS 1
#define HAVE_SYS_TYPES_H 1
#define HAVE_SYS_STAT_H 1
#define HAVE_STDLIB_H 1
#define HAVE_STRING_H 1
#define HAVE_MEMORY_H 1
#define HAVE_STRINGS_H 1
#define HAVE_INTTYPES_H 1
#define HAVE_STDINT_H 1
#define HAVE_UNISTD_H 1
#define HAVE_ARPA_INET_H 1
#define HAVE_LOCALE_H 1
#define HAVE_MALLOC_H 1
#define HAVE_NETDB_H 1
#define HAVE_NETINET_IN_H 1
#define HAVE_STDLIB_H 1
#define HAVE_STRING_H 1
#define HAVE_SYS_SOCKET_H 1
#define HAVE_SYS_TIME_H 1
#define HAVE_UNISTD_H 1
#define HAVE_STDLIB_H 1
#define HAVE_MALLOC 1
#define TIME_WITH_SYS_TIME 1
#define HAVE_SYS_TIME_H 1
#define HAVE_UNISTD_H 1
#define HAVE_ALARM 1
#define HAVE_BZERO 1
#define HAVE_GETCWD 1
#define HAVE_GETTIMEOFDAY 1
#define HAVE_INET_NTOA 1
#define HAVE_MEMCHR 1
#define HAVE_MEMSET 1
#define HAVE_MKDIR 1
#define HAVE_SETLOCALE 1
#define HAVE_STRDUP 1
#define HAVE_STRSTR 1
#define HAVE_STRTOL 1

configure: exit 0
